{
  "stats": {
    "suites": 1,
    "tests": 4,
    "passes": 4,
    "pending": 0,
    "failures": 0,
    "start": "2022-02-09T06:18:07.619Z",
    "end": "2022-02-09T06:18:10.403Z",
    "duration": 2784,
    "testsRegistered": 4,
    "passPercent": 100,
    "pendingPercent": 0,
    "other": 0,
    "hasOther": false,
    "skipped": 0,
    "hasSkipped": false
  },
  "results": [
    {
      "uuid": "9f5fb77b-f646-4ca3-8567-01fa32b6f816",
      "title": "",
      "fullFile": "cypress/integration/Parking-Solutions/Tower-Parking-System.js",
      "file": "cypress/integration/Parking-Solutions/Tower-Parking-System.js",
      "beforeHooks": [],
      "afterHooks": [],
      "tests": [],
      "suites": [
        {
          "uuid": "bd580339-f638-4d5c-a945-bbc067f0c4cb",
          "title": "Test Tower Parking page Title",
          "fullFile": "",
          "file": "",
          "beforeHooks": [],
          "afterHooks": [],
          "tests": [
            {
              "title": "Should be able to check title on Page",
              "fullTitle": "Test Tower Parking page Title Should be able to check title on Page",
              "timedOut": null,
              "duration": 1219,
              "state": "passed",
              "speed": "slow",
              "pass": true,
              "fail": false,
              "pending": false,
              "context": null,
              "code": "//cypress code\n//cy.visit('https://www.rrparkon.com/parking-solution/tower-parking-system')\ncy.visit(Cypress.env('url') + \"/parking-solution/tower-parking-system\");\ncy.title().should('eq', 'Tower Parking System In Mumbai | RR Parkon');",
              "err": {},
              "uuid": "cffd76c6-88df-4ea1-8401-060da1f57aa6",
              "parentUUID": "bd580339-f638-4d5c-a945-bbc067f0c4cb",
              "isHook": false,
              "skipped": false
            },
            {
              "title": "Should Check for content Tower Parking page",
              "fullTitle": "Test Tower Parking page Title Should Check for content Tower Parking page",
              "timedOut": null,
              "duration": 73,
              "state": "passed",
              "speed": "medium",
              "pass": true,
              "fail": false,
              "pending": false,
              "context": null,
              "code": "cy.get('h4').should('include.text', 'TOWER PARKING SYSTEM');\ncy.log(' All Content is Present');",
              "err": {},
              "uuid": "e3e68441-96f6-4885-b882-6329e7cd590c",
              "parentUUID": "bd580339-f638-4d5c-a945-bbc067f0c4cb",
              "isHook": false,
              "skipped": false
            },
            {
              "title": "Should Check and find Colours on page",
              "fullTitle": "Test Tower Parking page Title Should Check and find Colours on page",
              "timedOut": null,
              "duration": 27,
              "state": "passed",
              "speed": "fast",
              "pass": true,
              "fail": false,
              "pending": false,
              "context": null,
              "code": "cy.get('[class=hamburger-menu-mobile]').invoke('css', 'background-color').then(bgcolor => {\n  expect((0, _rgbHex.default)(bgcolor)).to.eq('00000000');\n});",
              "err": {},
              "uuid": "60d0013d-5def-4ede-9eef-5527f26e086b",
              "parentUUID": "bd580339-f638-4d5c-a945-bbc067f0c4cb",
              "isHook": false,
              "skipped": false
            },
            {
              "title": "Should check Classes on page",
              "fullTitle": "Test Tower Parking page Title Should check Classes on page",
              "timedOut": null,
              "duration": 24,
              "state": "passed",
              "speed": "fast",
              "pass": true,
              "fail": false,
              "pending": false,
              "context": null,
              "code": "cy.get('*[class^=\"header-top uk-flex uk-flex-between uk-flex-top bg-blue\"]');\ncy.log('Class1 is Present');\ncy.get('*[class^=\"logo-box\"]');\ncy.log('Class2 is Present');\ncy.get('*[class^=\"hamburger-menu-mobile\"]');\ncy.log('Class3 is Present');",
              "err": {},
              "uuid": "126d7272-4474-405a-a289-fb55e9069e22",
              "parentUUID": "bd580339-f638-4d5c-a945-bbc067f0c4cb",
              "isHook": false,
              "skipped": false
            }
          ],
          "suites": [],
          "passes": [
            "cffd76c6-88df-4ea1-8401-060da1f57aa6",
            "e3e68441-96f6-4885-b882-6329e7cd590c",
            "60d0013d-5def-4ede-9eef-5527f26e086b",
            "126d7272-4474-405a-a289-fb55e9069e22"
          ],
          "failures": [],
          "pending": [],
          "skipped": [],
          "duration": 1343,
          "root": false,
          "rootEmpty": false,
          "_timeout": 2000
        }
      ],
      "passes": [],
      "failures": [],
      "pending": [],
      "skipped": [],
      "duration": 0,
      "root": true,
      "rootEmpty": true,
      "_timeout": 2000
    }
  ],
  "meta": {
    "mocha": {
      "version": "7.0.1"
    },
    "mochawesome": {
      "options": {
        "quiet": false,
        "reportFilename": "mochawesome",
        "saveHtml": false,
        "saveJson": true,
        "consoleReporter": "spec",
        "useInlineDiffs": false,
        "code": true
      },
      "version": "7.0.1"
    },
    "marge": {
      "options": {
        "quite": true,
        "reportDir": "cypress/reports/mocha",
        "overwrite": false,
        "html": false,
        "json": true,
        "screenshotOnRunFailure": true
      },
      "version": "6.0.1"
    }
  }
}