{
  "stats": {
    "suites": 1,
    "tests": 4,
    "passes": 4,
    "pending": 0,
    "failures": 0,
    "start": "2022-02-09T06:17:20.297Z",
    "end": "2022-02-09T06:17:22.397Z",
    "duration": 2100,
    "testsRegistered": 4,
    "passPercent": 100,
    "pendingPercent": 0,
    "other": 0,
    "hasOther": false,
    "skipped": 0,
    "hasSkipped": false
  },
  "results": [
    {
      "uuid": "ae92730b-94bf-44b4-8ef0-b4b89d922237",
      "title": "",
      "fullFile": "cypress/integration/Parking-Solutions/carliftsparkingsystem.js",
      "file": "cypress/integration/Parking-Solutions/carliftsparkingsystem.js",
      "beforeHooks": [],
      "afterHooks": [],
      "tests": [],
      "suites": [
        {
          "uuid": "a6a5da70-99e5-480c-8f62-99b4f5225312",
          "title": "Test Car lifts Parking System page",
          "fullFile": "",
          "file": "",
          "beforeHooks": [],
          "afterHooks": [],
          "tests": [
            {
              "title": "Should be able to check title on Page",
              "fullTitle": "Test Car lifts Parking System page Should be able to check title on Page",
              "timedOut": null,
              "duration": 879,
              "state": "passed",
              "speed": "slow",
              "pass": true,
              "fail": false,
              "pending": false,
              "context": null,
              "code": "//cypress code\n// cy.visit('https://www.rrparkon.com/parking-solution/car-lifts')\ncy.visit(Cypress.env('url') + \"/parking-solution/car-lifts\");\ncy.title().should('eq', 'Car Lift Parking System | RR Parkon');",
              "err": {},
              "uuid": "56a97977-c78d-4e23-b3aa-e7988c0dcc8c",
              "parentUUID": "a6a5da70-99e5-480c-8f62-99b4f5225312",
              "isHook": false,
              "skipped": false
            },
            {
              "title": "Should Check for content Car lifts Parking System page",
              "fullTitle": "Test Car lifts Parking System page Should Check for content Car lifts Parking System page",
              "timedOut": null,
              "duration": 76,
              "state": "passed",
              "speed": "slow",
              "pass": true,
              "fail": false,
              "pending": false,
              "context": null,
              "code": "cy.get('h4').should('include.text', 'CAR LIFTS PARKING SYSTEM');\ncy.log(' All Content is Present');",
              "err": {},
              "uuid": "ab1373d2-52a2-4600-97a6-5292e1ead029",
              "parentUUID": "a6a5da70-99e5-480c-8f62-99b4f5225312",
              "isHook": false,
              "skipped": false
            },
            {
              "title": "Should Check and find Colours on page",
              "fullTitle": "Test Car lifts Parking System page Should Check and find Colours on page",
              "timedOut": null,
              "duration": 25,
              "state": "passed",
              "speed": "fast",
              "pass": true,
              "fail": false,
              "pending": false,
              "context": null,
              "code": "cy.get('[class=hamburger-menu-mobile]').invoke('css', 'background-color').then(bgcolor => {\n  expect((0, _rgbHex.default)(bgcolor)).to.eq('00000000');\n});",
              "err": {},
              "uuid": "656c0c17-9c10-459b-b9a3-5cb69699f45c",
              "parentUUID": "a6a5da70-99e5-480c-8f62-99b4f5225312",
              "isHook": false,
              "skipped": false
            },
            {
              "title": "Should check Classes on page",
              "fullTitle": "Test Car lifts Parking System page Should check Classes on page",
              "timedOut": null,
              "duration": 22,
              "state": "passed",
              "speed": "fast",
              "pass": true,
              "fail": false,
              "pending": false,
              "context": null,
              "code": "cy.get('*[class^=\"header-top uk-flex uk-flex-between uk-flex-top bg-blue\"]');\ncy.log('Class1 is Present');\ncy.get('*[class^=\"logo-box\"]');\ncy.log('Class2 is Present');\ncy.get('*[class^=\"hamburger-menu-mobile\"]');\ncy.log('Class3 is Present');",
              "err": {},
              "uuid": "ad6f56ee-341e-4d95-8bfd-f53f982383fa",
              "parentUUID": "a6a5da70-99e5-480c-8f62-99b4f5225312",
              "isHook": false,
              "skipped": false
            }
          ],
          "suites": [],
          "passes": [
            "56a97977-c78d-4e23-b3aa-e7988c0dcc8c",
            "ab1373d2-52a2-4600-97a6-5292e1ead029",
            "656c0c17-9c10-459b-b9a3-5cb69699f45c",
            "ad6f56ee-341e-4d95-8bfd-f53f982383fa"
          ],
          "failures": [],
          "pending": [],
          "skipped": [],
          "duration": 1002,
          "root": false,
          "rootEmpty": false,
          "_timeout": 2000
        }
      ],
      "passes": [],
      "failures": [],
      "pending": [],
      "skipped": [],
      "duration": 0,
      "root": true,
      "rootEmpty": true,
      "_timeout": 2000
    }
  ],
  "meta": {
    "mocha": {
      "version": "7.0.1"
    },
    "mochawesome": {
      "options": {
        "quiet": false,
        "reportFilename": "mochawesome",
        "saveHtml": false,
        "saveJson": true,
        "consoleReporter": "spec",
        "useInlineDiffs": false,
        "code": true
      },
      "version": "7.0.1"
    },
    "marge": {
      "options": {
        "quite": true,
        "reportDir": "cypress/reports/mocha",
        "overwrite": false,
        "html": false,
        "json": true,
        "screenshotOnRunFailure": true
      },
      "version": "6.0.1"
    }
  }
}