{
  "stats": {
    "suites": 1,
    "tests": 4,
    "passes": 4,
    "pending": 0,
    "failures": 0,
    "start": "2022-02-09T06:17:09.866Z",
    "end": "2022-02-09T06:17:12.256Z",
    "duration": 2390,
    "testsRegistered": 4,
    "passPercent": 100,
    "pendingPercent": 0,
    "other": 0,
    "hasOther": false,
    "skipped": 0,
    "hasSkipped": false
  },
  "results": [
    {
      "uuid": "708901c0-fc85-4848-84eb-634a4d85e507",
      "title": "",
      "fullFile": "cypress/integration/Parking-Solutions/2and3pit.js",
      "file": "cypress/integration/Parking-Solutions/2and3pit.js",
      "beforeHooks": [],
      "afterHooks": [],
      "tests": [],
      "suites": [
        {
          "uuid": "d154b3be-d322-4f97-9126-c0311ffd36e1",
          "title": "Test Pit type 2 & 3 Parking System page",
          "fullFile": "",
          "file": "",
          "beforeHooks": [],
          "afterHooks": [],
          "tests": [
            {
              "title": "Should be able to check title on Page",
              "fullTitle": "Test Pit type 2 & 3 Parking System page Should be able to check title on Page",
              "timedOut": null,
              "duration": 1135,
              "state": "passed",
              "speed": "slow",
              "pass": true,
              "fail": false,
              "pending": false,
              "context": null,
              "code": "//cypress code\n// cy.visit('https://www.rrparkon.com/parking-solution/pit-type-dependant-2-level-3-level-electromechanical')\ncy.visit(Cypress.env('url') + \"/parking-solution/pit-type-dependant-2-level-3-level-electromechanical\");\ncy.title().should('eq', 'Dependent Type Parking System In Mumbai | RR Parkon');",
              "err": {},
              "uuid": "b2032958-2533-4cba-bca4-1461f51a65d9",
              "parentUUID": "d154b3be-d322-4f97-9126-c0311ffd36e1",
              "isHook": false,
              "skipped": false
            },
            {
              "title": "Should Check for content 2and3 pit Page",
              "fullTitle": "Test Pit type 2 & 3 Parking System page Should Check for content 2and3 pit Page",
              "timedOut": null,
              "duration": 70,
              "state": "passed",
              "speed": "medium",
              "pass": true,
              "fail": false,
              "pending": false,
              "context": null,
              "code": "cy.get('h4').should('include.text', 'PIT TYPE DEPENDANT 2 LEVEL & 3 LEVEL – ELECTROMECHANICAL');\ncy.log(' All Content is Present');",
              "err": {},
              "uuid": "bc437290-e7dd-4a38-9308-7bf3957cf53d",
              "parentUUID": "d154b3be-d322-4f97-9126-c0311ffd36e1",
              "isHook": false,
              "skipped": false
            },
            {
              "title": "Should Check and find Colours on page",
              "fullTitle": "Test Pit type 2 & 3 Parking System page Should Check and find Colours on page",
              "timedOut": null,
              "duration": 25,
              "state": "passed",
              "speed": "fast",
              "pass": true,
              "fail": false,
              "pending": false,
              "context": null,
              "code": "cy.get('[class=hamburger-menu-mobile]').invoke('css', 'background-color').then(bgcolor => {\n  expect((0, _rgbHex.default)(bgcolor)).to.eq('00000000');\n});",
              "err": {},
              "uuid": "f40e4d8e-6956-43f6-8fbb-b662ca3e44d1",
              "parentUUID": "d154b3be-d322-4f97-9126-c0311ffd36e1",
              "isHook": false,
              "skipped": false
            },
            {
              "title": "Should check Classes on page",
              "fullTitle": "Test Pit type 2 & 3 Parking System page Should check Classes on page",
              "timedOut": null,
              "duration": 21,
              "state": "passed",
              "speed": "fast",
              "pass": true,
              "fail": false,
              "pending": false,
              "context": null,
              "code": "cy.get('*[class^=\"header-top uk-flex uk-flex-between uk-flex-top bg-blue\"]');\ncy.log('Class1 is Present');\ncy.get('*[class^=\"logo-box\"]');\ncy.log('Class2 is Present');\ncy.get('*[class^=\"hamburger-menu-mobile\"]');\ncy.log('Class3 is Present');",
              "err": {},
              "uuid": "1e5c1573-566d-44c8-9572-897ac3adf0a7",
              "parentUUID": "d154b3be-d322-4f97-9126-c0311ffd36e1",
              "isHook": false,
              "skipped": false
            }
          ],
          "suites": [],
          "passes": [
            "b2032958-2533-4cba-bca4-1461f51a65d9",
            "bc437290-e7dd-4a38-9308-7bf3957cf53d",
            "f40e4d8e-6956-43f6-8fbb-b662ca3e44d1",
            "1e5c1573-566d-44c8-9572-897ac3adf0a7"
          ],
          "failures": [],
          "pending": [],
          "skipped": [],
          "duration": 1251,
          "root": false,
          "rootEmpty": false,
          "_timeout": 2000
        }
      ],
      "passes": [],
      "failures": [],
      "pending": [],
      "skipped": [],
      "duration": 0,
      "root": true,
      "rootEmpty": true,
      "_timeout": 2000
    }
  ],
  "meta": {
    "mocha": {
      "version": "7.0.1"
    },
    "mochawesome": {
      "options": {
        "quiet": false,
        "reportFilename": "mochawesome",
        "saveHtml": false,
        "saveJson": true,
        "consoleReporter": "spec",
        "useInlineDiffs": false,
        "code": true
      },
      "version": "7.0.1"
    },
    "marge": {
      "options": {
        "quite": true,
        "reportDir": "cypress/reports/mocha",
        "overwrite": false,
        "html": false,
        "json": true,
        "screenshotOnRunFailure": true
      },
      "version": "6.0.1"
    }
  }
}