{
  "stats": {
    "suites": 1,
    "tests": 4,
    "passes": 4,
    "pending": 0,
    "failures": 0,
    "start": "2022-02-09T06:15:13.012Z",
    "end": "2022-02-09T06:15:15.110Z",
    "duration": 2098,
    "testsRegistered": 4,
    "passPercent": 100,
    "pendingPercent": 0,
    "other": 0,
    "hasOther": false,
    "skipped": 0,
    "hasSkipped": false
  },
  "results": [
    {
      "uuid": "d21608af-0883-4c3d-baf8-5c5f7260d96a",
      "title": "",
      "fullFile": "cypress/integration/Career-center/currentopenings.js",
      "file": "cypress/integration/Career-center/currentopenings.js",
      "beforeHooks": [],
      "afterHooks": [],
      "tests": [],
      "suites": [
        {
          "uuid": "b33c6340-12b7-4525-b13b-c016a005f499",
          "title": "Test Current openings page",
          "fullFile": "",
          "file": "",
          "beforeHooks": [],
          "afterHooks": [],
          "tests": [
            {
              "title": "Should be able to check title on Page",
              "fullTitle": "Test Current openings page Should be able to check title on Page",
              "timedOut": null,
              "duration": 845,
              "state": "passed",
              "speed": "slow",
              "pass": true,
              "fail": false,
              "pending": false,
              "context": null,
              "code": "//cypress code\n//cy.visit('https://www.rrparkon.com/career-center/current-openings-car-parking-system')\ncy.visit(Cypress.env('url') + \"/career-center/current-openings-car-parking-system\");\ncy.title().should('eq', 'RR Parkon Current Openings');",
              "err": {},
              "uuid": "20029646-3d37-4ca5-a531-1790cb1ba60c",
              "parentUUID": "b33c6340-12b7-4525-b13b-c016a005f499",
              "isHook": false,
              "skipped": false
            },
            {
              "title": "Checks for content Current Openings Page",
              "fullTitle": "Test Current openings page Checks for content Current Openings Page",
              "timedOut": null,
              "duration": 98,
              "state": "passed",
              "speed": "slow",
              "pass": true,
              "fail": false,
              "pending": false,
              "context": null,
              "code": "cy.get('h4').should('include.text', 'Current Openings');\ncy.log(' All Content is Present');",
              "err": {},
              "uuid": "2db44158-c0e7-4f87-83f0-fe74fa5610cd",
              "parentUUID": "b33c6340-12b7-4525-b13b-c016a005f499",
              "isHook": false,
              "skipped": false
            },
            {
              "title": "Should find Colours on page",
              "fullTitle": "Test Current openings page Should find Colours on page",
              "timedOut": null,
              "duration": 40,
              "state": "passed",
              "speed": "medium",
              "pass": true,
              "fail": false,
              "pending": false,
              "context": null,
              "code": "cy.get('[class=hamburger-menu-mobile]').invoke('css', 'background-color').then(bgcolor => {\n  expect((0, _rgbHex.default)(bgcolor)).to.eq('00000000');\n});",
              "err": {},
              "uuid": "5b319f64-4927-4df9-aec6-c1b5a4f4f287",
              "parentUUID": "b33c6340-12b7-4525-b13b-c016a005f499",
              "isHook": false,
              "skipped": false
            },
            {
              "title": "Should find Classes on page",
              "fullTitle": "Test Current openings page Should find Classes on page",
              "timedOut": null,
              "duration": 18,
              "state": "passed",
              "speed": "fast",
              "pass": true,
              "fail": false,
              "pending": false,
              "context": null,
              "code": "cy.get('*[class^=\"header-top uk-flex uk-flex-between uk-flex-top bg-blue\"]');\ncy.log('Class1 is Present');\ncy.get('*[class^=\"logo-box\"]');\ncy.log('Class2 is Present');\ncy.get('*[class^=\"hamburger-menu-mobile\"]');\ncy.log('Class3 is Present');",
              "err": {},
              "uuid": "114d1e56-8d07-4bc0-8f9c-252ab293d999",
              "parentUUID": "b33c6340-12b7-4525-b13b-c016a005f499",
              "isHook": false,
              "skipped": false
            }
          ],
          "suites": [],
          "passes": [
            "20029646-3d37-4ca5-a531-1790cb1ba60c",
            "2db44158-c0e7-4f87-83f0-fe74fa5610cd",
            "5b319f64-4927-4df9-aec6-c1b5a4f4f287",
            "114d1e56-8d07-4bc0-8f9c-252ab293d999"
          ],
          "failures": [],
          "pending": [],
          "skipped": [],
          "duration": 1001,
          "root": false,
          "rootEmpty": false,
          "_timeout": 2000
        }
      ],
      "passes": [],
      "failures": [],
      "pending": [],
      "skipped": [],
      "duration": 0,
      "root": true,
      "rootEmpty": true,
      "_timeout": 2000
    }
  ],
  "meta": {
    "mocha": {
      "version": "7.0.1"
    },
    "mochawesome": {
      "options": {
        "quiet": false,
        "reportFilename": "mochawesome",
        "saveHtml": false,
        "saveJson": true,
        "consoleReporter": "spec",
        "useInlineDiffs": false,
        "code": true
      },
      "version": "7.0.1"
    },
    "marge": {
      "options": {
        "quite": true,
        "reportDir": "cypress/reports/mocha",
        "overwrite": false,
        "html": false,
        "json": true,
        "screenshotOnRunFailure": true
      },
      "version": "6.0.1"
    }
  }
}