{
  "stats": {
    "suites": 1,
    "tests": 5,
    "passes": 5,
    "pending": 0,
    "failures": 0,
    "start": "2022-02-09T06:16:16.202Z",
    "end": "2022-02-09T06:16:27.366Z",
    "duration": 11164,
    "testsRegistered": 5,
    "passPercent": 100,
    "pendingPercent": 0,
    "other": 0,
    "hasOther": false,
    "skipped": 0,
    "hasSkipped": false
  },
  "results": [
    {
      "uuid": "562e0d04-13aa-4756-896f-192dcb61b4ed",
      "title": "",
      "fullFile": "cypress/integration/Contact/BusinessEnquiry.js",
      "file": "cypress/integration/Contact/BusinessEnquiry.js",
      "beforeHooks": [],
      "afterHooks": [],
      "tests": [],
      "suites": [
        {
          "uuid": "49fab88d-2b84-41a1-8e9f-9dcbc2f4452a",
          "title": "Test Business Enquiry page",
          "fullFile": "",
          "file": "",
          "beforeHooks": [],
          "afterHooks": [],
          "tests": [
            {
              "title": "Should be able to check title on Page",
              "fullTitle": "Test Business Enquiry page Should be able to check title on Page",
              "timedOut": null,
              "duration": 1215,
              "state": "passed",
              "speed": "slow",
              "pass": true,
              "fail": false,
              "pending": false,
              "context": null,
              "code": "//cypress code\n// cy.visit('https://www.rrparkon.com/contact-us/business-enquiry-car-lift-car-parking-solutions')\ncy.visit(Cypress.env('url') + \"/contact-us/business-enquiry-car-lift-car-parking-solutions\");\ncy.title().should('eq', 'Business Enquiry | RR Parkon');",
              "err": {},
              "uuid": "be47214a-d0f0-452d-a935-b84e8c122ee8",
              "parentUUID": "49fab88d-2b84-41a1-8e9f-9dcbc2f4452a",
              "isHook": false,
              "skipped": false
            },
            {
              "title": "Should be able to Submit enquiry on Page",
              "fullTitle": "Test Business Enquiry page Should be able to Submit enquiry on Page",
              "timedOut": null,
              "duration": 8677,
              "state": "passed",
              "speed": "slow",
              "pass": true,
              "fail": false,
              "pending": false,
              "context": null,
              "code": "//cypress code\n// cy.visit('https://www.rrparkon.com/contact-us/business-enquiry-car-lift-car-parking-solutions')\ncy.visit(Cypress.env('url') + \"/contact-us/business-enquiry-car-lift-car-parking-solutions\");\ncy.get('#wpcf7-f944-o1 > .wpcf7-form > :nth-child(4) > .wpcf7-form-control-wrap > #first_name').type('Test');\ncy.get('#wpcf7-f944-o1 > .wpcf7-form > :nth-child(5) > .wpcf7-form-control-wrap > #last_name').type('Test');\ncy.get('#wpcf7-f944-o1 > .wpcf7-form > :nth-child(6) > .wpcf7-form-control-wrap > #email').type('test@gmail.com');\ncy.get('#wpcf7-f944-o1 > .wpcf7-form > :nth-child(7) > .wpcf7-form-control-wrap > #phone').type('9123456789');\ncy.get('#wpcf7-f944-o1 > .wpcf7-form > :nth-child(8) > .uk-form-controls > .wpcf7-form-control-wrap > #select_type');\ncy.get('#MainsSelectCountry').select('Mexico');\ncy.wait(2000);\ncy.get('#MainsSelectState').select('Jalisco');\ncy.wait(2000);\ncy.get('#MainsSelectCity').select('Bellavista');\ncy.wait(2000);\ncy.get('#wpcf7-f944-o1 > .wpcf7-form > :nth-child(12) > .wpcf7-form-control-wrap > #message').type('Test comment'); //  cy.get('#wpcf7-f944-o1 > .wpcf7-form > :nth-child(13) > #submit').click()",
              "err": {},
              "uuid": "0fe7fbd7-e3b2-4282-9d43-89bb26e39088",
              "parentUUID": "49fab88d-2b84-41a1-8e9f-9dcbc2f4452a",
              "isHook": false,
              "skipped": false
            },
            {
              "title": "Should Check for content Business Enquiry Page",
              "fullTitle": "Test Business Enquiry page Should Check for content Business Enquiry Page",
              "timedOut": null,
              "duration": 62,
              "state": "passed",
              "speed": "medium",
              "pass": true,
              "fail": false,
              "pending": false,
              "context": null,
              "code": "cy.get('h4').should('include.text', 'Business Enquiry');\ncy.log(' All Content is Present');",
              "err": {},
              "uuid": "afd79421-dab6-4794-8e14-db5315e39337",
              "parentUUID": "49fab88d-2b84-41a1-8e9f-9dcbc2f4452a",
              "isHook": false,
              "skipped": false
            },
            {
              "title": "Should Check and find Colours on page",
              "fullTitle": "Test Business Enquiry page Should Check and find Colours on page",
              "timedOut": null,
              "duration": 36,
              "state": "passed",
              "speed": "fast",
              "pass": true,
              "fail": false,
              "pending": false,
              "context": null,
              "code": "cy.get('[class=hamburger-menu-mobile]').invoke('css', 'background-color').then(bgcolor => {\n  expect((0, _rgbHex.default)(bgcolor)).to.eq('00000000');\n});",
              "err": {},
              "uuid": "6f1fdf75-4e5a-4743-85cc-65814df48a17",
              "parentUUID": "49fab88d-2b84-41a1-8e9f-9dcbc2f4452a",
              "isHook": false,
              "skipped": false
            },
            {
              "title": "Should check Classes on page",
              "fullTitle": "Test Business Enquiry page Should check Classes on page",
              "timedOut": null,
              "duration": 18,
              "state": "passed",
              "speed": "fast",
              "pass": true,
              "fail": false,
              "pending": false,
              "context": null,
              "code": "cy.get('*[class^=\"header-top uk-flex uk-flex-between uk-flex-top bg-blue\"]');\ncy.log('Class1 is Present');\ncy.get('*[class^=\"logo-box\"]');\ncy.log('Class2 is Present');\ncy.get('*[class^=\"hamburger-menu-mobile\"]');\ncy.log('Class3 is Present');",
              "err": {},
              "uuid": "ad110242-ea70-4eed-a248-0e966fc251d7",
              "parentUUID": "49fab88d-2b84-41a1-8e9f-9dcbc2f4452a",
              "isHook": false,
              "skipped": false
            }
          ],
          "suites": [],
          "passes": [
            "be47214a-d0f0-452d-a935-b84e8c122ee8",
            "0fe7fbd7-e3b2-4282-9d43-89bb26e39088",
            "afd79421-dab6-4794-8e14-db5315e39337",
            "6f1fdf75-4e5a-4743-85cc-65814df48a17",
            "ad110242-ea70-4eed-a248-0e966fc251d7"
          ],
          "failures": [],
          "pending": [],
          "skipped": [],
          "duration": 10008,
          "root": false,
          "rootEmpty": false,
          "_timeout": 2000
        }
      ],
      "passes": [],
      "failures": [],
      "pending": [],
      "skipped": [],
      "duration": 0,
      "root": true,
      "rootEmpty": true,
      "_timeout": 2000
    }
  ],
  "meta": {
    "mocha": {
      "version": "7.0.1"
    },
    "mochawesome": {
      "options": {
        "quiet": false,
        "reportFilename": "mochawesome",
        "saveHtml": false,
        "saveJson": true,
        "consoleReporter": "spec",
        "useInlineDiffs": false,
        "code": true
      },
      "version": "7.0.1"
    },
    "marge": {
      "options": {
        "quite": true,
        "reportDir": "cypress/reports/mocha",
        "overwrite": false,
        "html": false,
        "json": true,
        "screenshotOnRunFailure": true
      },
      "version": "6.0.1"
    }
  }
}