{
  "stats": {
    "suites": 1,
    "tests": 5,
    "passes": 5,
    "pending": 0,
    "failures": 0,
    "start": "2022-02-09T06:15:34.515Z",
    "end": "2022-02-09T06:15:45.241Z",
    "duration": 10726,
    "testsRegistered": 5,
    "passPercent": 100,
    "pendingPercent": 0,
    "other": 0,
    "hasOther": false,
    "skipped": 0,
    "hasSkipped": false
  },
  "results": [
    {
      "uuid": "5b893c3a-87f9-4f31-a647-8460a3c4a4f3",
      "title": "",
      "fullFile": "cypress/integration/Client-Insights/Downloadbrochure.js",
      "file": "cypress/integration/Client-Insights/Downloadbrochure.js",
      "beforeHooks": [],
      "afterHooks": [],
      "tests": [],
      "suites": [
        {
          "uuid": "30f9166b-6df1-4556-ac61-9075042945b3",
          "title": "Test Brochure page",
          "fullFile": "",
          "file": "",
          "beforeHooks": [],
          "afterHooks": [],
          "tests": [
            {
              "title": "Should be able to check title on Page",
              "fullTitle": "Test Brochure page Should be able to check title on Page",
              "timedOut": null,
              "duration": 902,
              "state": "passed",
              "speed": "slow",
              "pass": true,
              "fail": false,
              "pending": false,
              "context": null,
              "code": "//cypress code\n//cy.visit('https://www.rrparkon.com/client-insight/brochure')\ncy.visit(Cypress.env('url') + \"/brochure\");\ncy.title().should('eq', 'RR Parkon Brochure');",
              "err": {},
              "uuid": "c0f7749c-5e39-4471-a709-eb82e786b708",
              "parentUUID": "30f9166b-6df1-4556-ac61-9075042945b3",
              "isHook": false,
              "skipped": false
            },
            {
              "title": "Should be able to Download Brochure Page",
              "fullTitle": "Test Brochure page Should be able to Download Brochure Page",
              "timedOut": null,
              "duration": 8547,
              "state": "passed",
              "speed": "slow",
              "pass": true,
              "fail": false,
              "pending": false,
              "context": null,
              "code": "//cypress code\n// cy.visit('https://www.rrparkon.com/client-insight/brochure')\ncy.visit(Cypress.env('url') + \"/brochure\");\ncy.get('#name').type('Test');\ncy.get('#email_address').type('test@gmail.com');\ncy.get(':nth-child(4) > .wpcf7-form-control-wrap > #contact_number').type('9123456789');\ncy.get('#current_organisation').type('Test');\ncy.get('#Designation').type('test');\ncy.get('#SelectCountry').select('Mexico');\ncy.wait(2000);\ncy.get('#select_state').select('Jalisco');\ncy.wait(2000);\ncy.get('#select_city').select('Bellavista');\ncy.wait(2000); // cy.get('.w-100 > .wpcf7-form-control').click()",
              "err": {},
              "uuid": "e55fff15-ad4d-4130-ba67-c1e1b4a68ad9",
              "parentUUID": "30f9166b-6df1-4556-ac61-9075042945b3",
              "isHook": false,
              "skipped": false
            },
            {
              "title": "Checks for content Brochure Page",
              "fullTitle": "Test Brochure page Checks for content Brochure Page",
              "timedOut": null,
              "duration": 59,
              "state": "passed",
              "speed": "medium",
              "pass": true,
              "fail": false,
              "pending": false,
              "context": null,
              "code": "cy.get('h4').should('include.text', 'Fill in the form to download the brochure');\ncy.log(' All Content is Present');",
              "err": {},
              "uuid": "703f5c8a-f1f6-4bbb-a683-7698b8a7713b",
              "parentUUID": "30f9166b-6df1-4556-ac61-9075042945b3",
              "isHook": false,
              "skipped": false
            },
            {
              "title": "Should Check and find Colours on page",
              "fullTitle": "Test Brochure page Should Check and find Colours on page",
              "timedOut": null,
              "duration": 42,
              "state": "passed",
              "speed": "medium",
              "pass": true,
              "fail": false,
              "pending": false,
              "context": null,
              "code": "cy.get('[class=hamburger-menu-mobile]').invoke('css', 'background-color').then(bgcolor => {\n  expect((0, _rgbHex.default)(bgcolor)).to.eq('00000000');\n});",
              "err": {},
              "uuid": "21ad8696-1668-48c2-9e01-0962c67d7cf7",
              "parentUUID": "30f9166b-6df1-4556-ac61-9075042945b3",
              "isHook": false,
              "skipped": false
            },
            {
              "title": "Should check Classes on page",
              "fullTitle": "Test Brochure page Should check Classes on page",
              "timedOut": null,
              "duration": 17,
              "state": "passed",
              "speed": "fast",
              "pass": true,
              "fail": false,
              "pending": false,
              "context": null,
              "code": "cy.get('*[class^=\"header-top uk-flex uk-flex-between uk-flex-top bg-blue\"]');\ncy.log('Class1 is Present');\ncy.get('*[class^=\"logo-box\"]');\ncy.log('Class2 is Present');\ncy.get('*[class^=\"hamburger-menu-mobile\"]');\ncy.log('Class3 is Present');",
              "err": {},
              "uuid": "6071d338-8688-41d3-a82c-c7f846999e49",
              "parentUUID": "30f9166b-6df1-4556-ac61-9075042945b3",
              "isHook": false,
              "skipped": false
            }
          ],
          "suites": [],
          "passes": [
            "c0f7749c-5e39-4471-a709-eb82e786b708",
            "e55fff15-ad4d-4130-ba67-c1e1b4a68ad9",
            "703f5c8a-f1f6-4bbb-a683-7698b8a7713b",
            "21ad8696-1668-48c2-9e01-0962c67d7cf7",
            "6071d338-8688-41d3-a82c-c7f846999e49"
          ],
          "failures": [],
          "pending": [],
          "skipped": [],
          "duration": 9567,
          "root": false,
          "rootEmpty": false,
          "_timeout": 2000
        }
      ],
      "passes": [],
      "failures": [],
      "pending": [],
      "skipped": [],
      "duration": 0,
      "root": true,
      "rootEmpty": true,
      "_timeout": 2000
    }
  ],
  "meta": {
    "mocha": {
      "version": "7.0.1"
    },
    "mochawesome": {
      "options": {
        "quiet": false,
        "reportFilename": "mochawesome",
        "saveHtml": false,
        "saveJson": true,
        "consoleReporter": "spec",
        "useInlineDiffs": false,
        "code": true
      },
      "version": "7.0.1"
    },
    "marge": {
      "options": {
        "quite": true,
        "reportDir": "cypress/reports/mocha",
        "overwrite": false,
        "html": false,
        "json": true,
        "screenshotOnRunFailure": true
      },
      "version": "6.0.1"
    }
  }
}