{
  "stats": {
    "suites": 1,
    "tests": 4,
    "passes": 4,
    "pending": 0,
    "failures": 0,
    "start": "2022-02-09T06:17:41.342Z",
    "end": "2022-02-09T06:17:43.956Z",
    "duration": 2614,
    "testsRegistered": 4,
    "passPercent": 100,
    "pendingPercent": 0,
    "other": 0,
    "hasOther": false,
    "skipped": 0,
    "hasSkipped": false
  },
  "results": [
    {
      "uuid": "31a96c55-b725-4d07-ad29-9d79dd14e88e",
      "title": "",
      "fullFile": "cypress/integration/Parking-Solutions/MiniRotary-Parking-system.js",
      "file": "cypress/integration/Parking-Solutions/MiniRotary-Parking-system.js",
      "beforeHooks": [],
      "afterHooks": [],
      "tests": [],
      "suites": [
        {
          "uuid": "825326b6-29a8-46a7-8995-ee5dcc53d948",
          "title": "Test Mini Rotary Parking System page",
          "fullFile": "",
          "file": "",
          "beforeHooks": [],
          "afterHooks": [],
          "tests": [
            {
              "title": "Should be able to check title on Page",
              "fullTitle": "Test Mini Rotary Parking System page Should be able to check title on Page",
              "timedOut": null,
              "duration": 1246,
              "state": "passed",
              "speed": "slow",
              "pass": true,
              "fail": false,
              "pending": false,
              "context": null,
              "code": "//cypress code\n//cy.visit('https://www.rrparkon.com/parking-solution/mini-rotary')\ncy.visit(Cypress.env('url') + \"/parking-solution/mini-rotary\");\ncy.title().should('eq', 'Mini Rotary Parking System | RR Parkon');",
              "err": {},
              "uuid": "df9e7a15-8aa5-484a-b5a3-6b05fc94f2a0",
              "parentUUID": "825326b6-29a8-46a7-8995-ee5dcc53d948",
              "isHook": false,
              "skipped": false
            },
            {
              "title": "Should Check for content Mini Rotary Parking System pagee",
              "fullTitle": "Test Mini Rotary Parking System page Should Check for content Mini Rotary Parking System pagee",
              "timedOut": null,
              "duration": 119,
              "state": "passed",
              "speed": "slow",
              "pass": true,
              "fail": false,
              "pending": false,
              "context": null,
              "code": "cy.get('h4').should('include.text', 'MINI ROTARY PARKING SYSTEM');\ncy.log(' All Content is Present');",
              "err": {},
              "uuid": "35923c01-15df-4f21-b3ba-0428a0585d8c",
              "parentUUID": "825326b6-29a8-46a7-8995-ee5dcc53d948",
              "isHook": false,
              "skipped": false
            },
            {
              "title": "Should Check and find Colours on page",
              "fullTitle": "Test Mini Rotary Parking System page Should Check and find Colours on page",
              "timedOut": null,
              "duration": 19,
              "state": "passed",
              "speed": "fast",
              "pass": true,
              "fail": false,
              "pending": false,
              "context": null,
              "code": "cy.get('[class=hamburger-menu-mobile]').invoke('css', 'background-color').then(bgcolor => {\n  expect((0, _rgbHex.default)(bgcolor)).to.eq('00000000');\n});",
              "err": {},
              "uuid": "b7217e15-707b-4bae-9e8c-72e8bb577a9b",
              "parentUUID": "825326b6-29a8-46a7-8995-ee5dcc53d948",
              "isHook": false,
              "skipped": false
            },
            {
              "title": "Should check Classes on page",
              "fullTitle": "Test Mini Rotary Parking System page Should check Classes on page",
              "timedOut": null,
              "duration": 23,
              "state": "passed",
              "speed": "fast",
              "pass": true,
              "fail": false,
              "pending": false,
              "context": null,
              "code": "cy.get('*[class^=\"header-top uk-flex uk-flex-between uk-flex-top bg-blue\"]');\ncy.log('Class1 is Present');\ncy.get('*[class^=\"logo-box\"]');\ncy.log('Class2 is Present');\ncy.get('*[class^=\"hamburger-menu-mobile\"]');\ncy.log('Class3 is Present');",
              "err": {},
              "uuid": "7ce4cc51-d46a-476c-b74d-61be0064217b",
              "parentUUID": "825326b6-29a8-46a7-8995-ee5dcc53d948",
              "isHook": false,
              "skipped": false
            }
          ],
          "suites": [],
          "passes": [
            "df9e7a15-8aa5-484a-b5a3-6b05fc94f2a0",
            "35923c01-15df-4f21-b3ba-0428a0585d8c",
            "b7217e15-707b-4bae-9e8c-72e8bb577a9b",
            "7ce4cc51-d46a-476c-b74d-61be0064217b"
          ],
          "failures": [],
          "pending": [],
          "skipped": [],
          "duration": 1407,
          "root": false,
          "rootEmpty": false,
          "_timeout": 2000
        }
      ],
      "passes": [],
      "failures": [],
      "pending": [],
      "skipped": [],
      "duration": 0,
      "root": true,
      "rootEmpty": true,
      "_timeout": 2000
    }
  ],
  "meta": {
    "mocha": {
      "version": "7.0.1"
    },
    "mochawesome": {
      "options": {
        "quiet": false,
        "reportFilename": "mochawesome",
        "saveHtml": false,
        "saveJson": true,
        "consoleReporter": "spec",
        "useInlineDiffs": false,
        "code": true
      },
      "version": "7.0.1"
    },
    "marge": {
      "options": {
        "quite": true,
        "reportDir": "cypress/reports/mocha",
        "overwrite": false,
        "html": false,
        "json": true,
        "screenshotOnRunFailure": true
      },
      "version": "6.0.1"
    }
  }
}