{
  "stats": {
    "suites": 1,
    "tests": 4,
    "passes": 4,
    "pending": 0,
    "failures": 0,
    "start": "2022-02-09T06:16:37.388Z",
    "end": "2022-02-09T06:16:40.016Z",
    "duration": 2628,
    "testsRegistered": 4,
    "passPercent": 100,
    "pendingPercent": 0,
    "other": 0,
    "hasOther": false,
    "skipped": 0,
    "hasSkipped": false
  },
  "results": [
    {
      "uuid": "4e720fd4-81c5-44c8-a56f-014e29e7b5eb",
      "title": "",
      "fullFile": "cypress/integration/Customized Solutions/Customized-Solution.js",
      "file": "cypress/integration/Customized Solutions/Customized-Solution.js",
      "beforeHooks": [],
      "afterHooks": [],
      "tests": [],
      "suites": [
        {
          "uuid": "045a37bf-a235-4141-ad06-cf26b7ca99e7",
          "title": "Test Customized Solutions page",
          "fullFile": "",
          "file": "",
          "beforeHooks": [],
          "afterHooks": [],
          "tests": [
            {
              "title": "Should be able to check title on Page",
              "fullTitle": "Test Customized Solutions page Should be able to check title on Page",
              "timedOut": null,
              "duration": 1305,
              "state": "passed",
              "speed": "slow",
              "pass": true,
              "fail": false,
              "pending": false,
              "context": null,
              "code": "//cypress code\n//  cy.visit('https://www.rrparkon.com/customized-solutions')\ncy.visit(Cypress.env('url') + \"/customized-solutions\");\ncy.title().should('eq', 'Customised Car Parking Solutions | RR Parkon');",
              "err": {},
              "uuid": "d9457ff3-1d1e-4773-b2ca-9fabbde09c7d",
              "parentUUID": "045a37bf-a235-4141-ad06-cf26b7ca99e7",
              "isHook": false,
              "skipped": false
            },
            {
              "title": "Should Check for content Customized Soultions page",
              "fullTitle": "Test Customized Solutions page Should Check for content Customized Soultions page",
              "timedOut": null,
              "duration": 93,
              "state": "passed",
              "speed": "slow",
              "pass": true,
              "fail": false,
              "pending": false,
              "context": null,
              "code": "cy.get('h4').should('include.text', 'Customized Solutions');\ncy.log(' All Content is Present');",
              "err": {},
              "uuid": "7bf6f6d9-2cd4-4bbc-a310-69bbc38e3fde",
              "parentUUID": "045a37bf-a235-4141-ad06-cf26b7ca99e7",
              "isHook": false,
              "skipped": false
            },
            {
              "title": "Should Check and find Colours on page",
              "fullTitle": "Test Customized Solutions page Should Check and find Colours on page",
              "timedOut": null,
              "duration": 39,
              "state": "passed",
              "speed": "medium",
              "pass": true,
              "fail": false,
              "pending": false,
              "context": null,
              "code": "cy.get('[class=hamburger-menu-mobile]').invoke('css', 'background-color').then(bgcolor => {\n  expect((0, _rgbHex.default)(bgcolor)).to.eq('00000000');\n});",
              "err": {},
              "uuid": "884acd84-1d50-40e9-a6be-72514da59f93",
              "parentUUID": "045a37bf-a235-4141-ad06-cf26b7ca99e7",
              "isHook": false,
              "skipped": false
            },
            {
              "title": "Should check Classes on page",
              "fullTitle": "Test Customized Solutions page Should check Classes on page",
              "timedOut": null,
              "duration": 25,
              "state": "passed",
              "speed": "fast",
              "pass": true,
              "fail": false,
              "pending": false,
              "context": null,
              "code": "cy.get('*[class^=\"header-top uk-flex uk-flex-between uk-flex-top bg-blue\"]');\ncy.log('Class1 is Present');\ncy.get('*[class^=\"logo-box\"]');\ncy.log('Class2 is Present');\ncy.get('*[class^=\"hamburger-menu-mobile\"]');\ncy.log('Class3 is Present');",
              "err": {},
              "uuid": "1ab83807-f5ae-4855-ba27-f7539648f19c",
              "parentUUID": "045a37bf-a235-4141-ad06-cf26b7ca99e7",
              "isHook": false,
              "skipped": false
            }
          ],
          "suites": [],
          "passes": [
            "d9457ff3-1d1e-4773-b2ca-9fabbde09c7d",
            "7bf6f6d9-2cd4-4bbc-a310-69bbc38e3fde",
            "884acd84-1d50-40e9-a6be-72514da59f93",
            "1ab83807-f5ae-4855-ba27-f7539648f19c"
          ],
          "failures": [],
          "pending": [],
          "skipped": [],
          "duration": 1462,
          "root": false,
          "rootEmpty": false,
          "_timeout": 2000
        }
      ],
      "passes": [],
      "failures": [],
      "pending": [],
      "skipped": [],
      "duration": 0,
      "root": true,
      "rootEmpty": true,
      "_timeout": 2000
    }
  ],
  "meta": {
    "mocha": {
      "version": "7.0.1"
    },
    "mochawesome": {
      "options": {
        "quiet": false,
        "reportFilename": "mochawesome",
        "saveHtml": false,
        "saveJson": true,
        "consoleReporter": "spec",
        "useInlineDiffs": false,
        "code": true
      },
      "version": "7.0.1"
    },
    "marge": {
      "options": {
        "quite": true,
        "reportDir": "cypress/reports/mocha",
        "overwrite": false,
        "html": false,
        "json": true,
        "screenshotOnRunFailure": true
      },
      "version": "6.0.1"
    }
  }
}