{
  "stats": {
    "suites": 1,
    "tests": 5,
    "passes": 5,
    "pending": 0,
    "failures": 0,
    "start": "2022-02-09T06:16:10.241Z",
    "end": "2022-02-09T06:16:13.423Z",
    "duration": 3182,
    "testsRegistered": 5,
    "passPercent": 100,
    "pendingPercent": 0,
    "other": 0,
    "hasOther": false,
    "skipped": 0,
    "hasSkipped": false
  },
  "results": [
    {
      "uuid": "7affe6fb-8850-490b-989d-d553719ec904",
      "title": "",
      "fullFile": "cypress/integration/Client-Insights/Videos.js",
      "file": "cypress/integration/Client-Insights/Videos.js",
      "beforeHooks": [],
      "afterHooks": [],
      "tests": [],
      "suites": [
        {
          "uuid": "c311ec00-c365-4473-b5cd-20bad2e28f9c",
          "title": "Test Videos page",
          "fullFile": "",
          "file": "",
          "beforeHooks": [],
          "afterHooks": [],
          "tests": [
            {
              "title": "Should be able to check title on Page",
              "fullTitle": "Test Videos page Should be able to check title on Page",
              "timedOut": null,
              "duration": 1280,
              "state": "passed",
              "speed": "slow",
              "pass": true,
              "fail": false,
              "pending": false,
              "context": null,
              "code": "//cypress code\n//cy.visit('https://www.rrparkon.com/media-center/videos-car-parking-solutions')\ncy.visit(Cypress.env('url') + \"/media-center/videos-car-parking-solutions\");\ncy.title().should('eq', 'RR Parkon Videos | Smart Parking System');",
              "err": {},
              "uuid": "cca77332-4627-4bf5-a1b0-e35fc55cee70",
              "parentUUID": "c311ec00-c365-4473-b5cd-20bad2e28f9c",
              "isHook": false,
              "skipped": false
            },
            {
              "title": "Checks for content Videos Page",
              "fullTitle": "Test Videos page Checks for content Videos Page",
              "timedOut": null,
              "duration": 81,
              "state": "passed",
              "speed": "slow",
              "pass": true,
              "fail": false,
              "pending": false,
              "context": null,
              "code": "cy.get('h4').should('include.text', 'Videos');\ncy.log(' All Content is Present');",
              "err": {},
              "uuid": "4113a5ef-4bb0-4bfd-8412-9c3e110a4943",
              "parentUUID": "c311ec00-c365-4473-b5cd-20bad2e28f9c",
              "isHook": false,
              "skipped": false
            },
            {
              "title": "Should Check and find Colours on page",
              "fullTitle": "Test Videos page Should Check and find Colours on page",
              "timedOut": null,
              "duration": 28,
              "state": "passed",
              "speed": "fast",
              "pass": true,
              "fail": false,
              "pending": false,
              "context": null,
              "code": "cy.get('[class=hamburger-menu-mobile]').invoke('css', 'background-color').then(bgcolor => {\n  expect((0, _rgbHex.default)(bgcolor)).to.eq('00000000');\n});",
              "err": {},
              "uuid": "858fc1f4-e425-4b8d-8aed-f49ca1651d27",
              "parentUUID": "c311ec00-c365-4473-b5cd-20bad2e28f9c",
              "isHook": false,
              "skipped": false
            },
            {
              "title": "Should check Classes on page",
              "fullTitle": "Test Videos page Should check Classes on page",
              "timedOut": null,
              "duration": 20,
              "state": "passed",
              "speed": "fast",
              "pass": true,
              "fail": false,
              "pending": false,
              "context": null,
              "code": "cy.get('*[class^=\"header-top uk-flex uk-flex-between uk-flex-top bg-blue\"]');\ncy.log('Class1 is Present');\ncy.get('*[class^=\"logo-box\"]');\ncy.log('Class2 is Present');\ncy.get('*[class^=\"hamburger-menu-mobile\"]');\ncy.log('Class3 is Present');",
              "err": {},
              "uuid": "cf15d60e-06f7-4370-8d8f-377b4b397d9a",
              "parentUUID": "c311ec00-c365-4473-b5cd-20bad2e28f9c",
              "isHook": false,
              "skipped": false
            },
            {
              "title": "Should check Video on page",
              "fullTitle": "Test Videos page Should check Video on page",
              "timedOut": null,
              "duration": 355,
              "state": "passed",
              "speed": "slow",
              "pass": true,
              "fail": false,
              "pending": false,
              "context": null,
              "code": "cy.get('a[href*=\"Testimonial-1-RRP\"]').click();\ncy.get('.uk-lightbox-toolbar-icon > svg').click();",
              "err": {},
              "uuid": "d86f4b2d-b292-4b43-890c-59a9c4fd2a46",
              "parentUUID": "c311ec00-c365-4473-b5cd-20bad2e28f9c",
              "isHook": false,
              "skipped": false
            }
          ],
          "suites": [],
          "passes": [
            "cca77332-4627-4bf5-a1b0-e35fc55cee70",
            "4113a5ef-4bb0-4bfd-8412-9c3e110a4943",
            "858fc1f4-e425-4b8d-8aed-f49ca1651d27",
            "cf15d60e-06f7-4370-8d8f-377b4b397d9a",
            "d86f4b2d-b292-4b43-890c-59a9c4fd2a46"
          ],
          "failures": [],
          "pending": [],
          "skipped": [],
          "duration": 1764,
          "root": false,
          "rootEmpty": false,
          "_timeout": 2000
        }
      ],
      "passes": [],
      "failures": [],
      "pending": [],
      "skipped": [],
      "duration": 0,
      "root": true,
      "rootEmpty": true,
      "_timeout": 2000
    }
  ],
  "meta": {
    "mocha": {
      "version": "7.0.1"
    },
    "mochawesome": {
      "options": {
        "quiet": false,
        "reportFilename": "mochawesome",
        "saveHtml": false,
        "saveJson": true,
        "consoleReporter": "spec",
        "useInlineDiffs": false,
        "code": true
      },
      "version": "7.0.1"
    },
    "marge": {
      "options": {
        "quite": true,
        "reportDir": "cypress/reports/mocha",
        "overwrite": false,
        "html": false,
        "json": true,
        "screenshotOnRunFailure": true
      },
      "version": "6.0.1"
    }
  }
}