{
  "stats": {
    "suites": 1,
    "tests": 4,
    "passes": 4,
    "pending": 0,
    "failures": 0,
    "start": "2022-02-09T06:18:13.009Z",
    "end": "2022-02-09T06:18:15.127Z",
    "duration": 2118,
    "testsRegistered": 4,
    "passPercent": 100,
    "pendingPercent": 0,
    "other": 0,
    "hasOther": false,
    "skipped": 0,
    "hasSkipped": false
  },
  "results": [
    {
      "uuid": "a5dac463-4292-4d49-af2f-6c0bfda21877",
      "title": "",
      "fullFile": "cypress/integration/Parking-Solutions/Tower-shuttle-Parking-System.js",
      "file": "cypress/integration/Parking-Solutions/Tower-shuttle-Parking-System.js",
      "beforeHooks": [],
      "afterHooks": [],
      "tests": [],
      "suites": [
        {
          "uuid": "7e338691-a928-4be5-99e4-4b0ef4f579f1",
          "title": "Test Shuttle Parking System",
          "fullFile": "",
          "file": "",
          "beforeHooks": [],
          "afterHooks": [],
          "tests": [
            {
              "title": "Should be able to check title on Page",
              "fullTitle": "Test Shuttle Parking System Should be able to check title on Page",
              "timedOut": null,
              "duration": 880,
              "state": "passed",
              "speed": "slow",
              "pass": true,
              "fail": false,
              "pending": false,
              "context": null,
              "code": "//cypress code\n// cy.visit('https://www.rrparkon.com/parking-solution/shuttle-parking-system')\ncy.visit(Cypress.env('url') + \"/parking-solution/shuttle-parking-system\");\ncy.title().should('eq', 'Shuttle Car Parking System | RR Parkon');",
              "err": {},
              "uuid": "919df0fb-6749-4ca6-a488-8421bb20a79b",
              "parentUUID": "7e338691-a928-4be5-99e4-4b0ef4f579f1",
              "isHook": false,
              "skipped": false
            },
            {
              "title": "Should Check for content AMC Page",
              "fullTitle": "Test Shuttle Parking System Should Check for content AMC Page",
              "timedOut": null,
              "duration": 86,
              "state": "passed",
              "speed": "slow",
              "pass": true,
              "fail": false,
              "pending": false,
              "context": null,
              "code": "cy.get('h4').should('include.text', 'SHUTTLE PARKING SYSTEM');\ncy.log(' All Content is Present');",
              "err": {},
              "uuid": "5ad5952f-f078-4501-bb76-c8ef7f1d7968",
              "parentUUID": "7e338691-a928-4be5-99e4-4b0ef4f579f1",
              "isHook": false,
              "skipped": false
            },
            {
              "title": "Should Check and find Colours on page",
              "fullTitle": "Test Shuttle Parking System Should Check and find Colours on page",
              "timedOut": null,
              "duration": 24,
              "state": "passed",
              "speed": "fast",
              "pass": true,
              "fail": false,
              "pending": false,
              "context": null,
              "code": "cy.get('[class=hamburger-menu-mobile]').invoke('css', 'background-color').then(bgcolor => {\n  expect((0, _rgbHex.default)(bgcolor)).to.eq('00000000');\n});",
              "err": {},
              "uuid": "12c00c9a-6c19-42ed-93ad-f1805793030b",
              "parentUUID": "7e338691-a928-4be5-99e4-4b0ef4f579f1",
              "isHook": false,
              "skipped": false
            },
            {
              "title": "Should check Classes on page",
              "fullTitle": "Test Shuttle Parking System Should check Classes on page",
              "timedOut": null,
              "duration": 20,
              "state": "passed",
              "speed": "fast",
              "pass": true,
              "fail": false,
              "pending": false,
              "context": null,
              "code": "cy.get('*[class^=\"header-top uk-flex uk-flex-between uk-flex-top bg-blue\"]');\ncy.log('Class1 is Present');\ncy.get('*[class^=\"logo-box\"]');\ncy.log('Class2 is Present');\ncy.get('*[class^=\"hamburger-menu-mobile\"]');\ncy.log('Class3 is Present');",
              "err": {},
              "uuid": "a9d7f255-8004-4e2e-a86a-cbe52f70b098",
              "parentUUID": "7e338691-a928-4be5-99e4-4b0ef4f579f1",
              "isHook": false,
              "skipped": false
            }
          ],
          "suites": [],
          "passes": [
            "919df0fb-6749-4ca6-a488-8421bb20a79b",
            "5ad5952f-f078-4501-bb76-c8ef7f1d7968",
            "12c00c9a-6c19-42ed-93ad-f1805793030b",
            "a9d7f255-8004-4e2e-a86a-cbe52f70b098"
          ],
          "failures": [],
          "pending": [],
          "skipped": [],
          "duration": 1010,
          "root": false,
          "rootEmpty": false,
          "_timeout": 2000
        }
      ],
      "passes": [],
      "failures": [],
      "pending": [],
      "skipped": [],
      "duration": 0,
      "root": true,
      "rootEmpty": true,
      "_timeout": 2000
    }
  ],
  "meta": {
    "mocha": {
      "version": "7.0.1"
    },
    "mochawesome": {
      "options": {
        "quiet": false,
        "reportFilename": "mochawesome",
        "saveHtml": false,
        "saveJson": true,
        "consoleReporter": "spec",
        "useInlineDiffs": false,
        "code": true
      },
      "version": "7.0.1"
    },
    "marge": {
      "options": {
        "quite": true,
        "reportDir": "cypress/reports/mocha",
        "overwrite": false,
        "html": false,
        "json": true,
        "screenshotOnRunFailure": true
      },
      "version": "6.0.1"
    }
  }
}