{
  "stats": {
    "suites": 1,
    "tests": 4,
    "passes": 4,
    "pending": 0,
    "failures": 0,
    "start": "2022-02-09T06:16:05.499Z",
    "end": "2022-02-09T06:16:07.515Z",
    "duration": 2016,
    "testsRegistered": 4,
    "passPercent": 100,
    "pendingPercent": 0,
    "other": 0,
    "hasOther": false,
    "skipped": 0,
    "hasSkipped": false
  },
  "results": [
    {
      "uuid": "08378158-7ec1-472a-bc84-089cf078bb97",
      "title": "",
      "fullFile": "cypress/integration/Client-Insights/Testimonials.js",
      "file": "cypress/integration/Client-Insights/Testimonials.js",
      "beforeHooks": [],
      "afterHooks": [],
      "tests": [],
      "suites": [
        {
          "uuid": "8841271a-5d3c-41dd-be35-a388b56f8bd0",
          "title": "Test Testimonials page",
          "fullFile": "",
          "file": "",
          "beforeHooks": [],
          "afterHooks": [],
          "tests": [
            {
              "title": "Should be able to check title on Page",
              "fullTitle": "Test Testimonials page Should be able to check title on Page",
              "timedOut": null,
              "duration": 809,
              "state": "passed",
              "speed": "slow",
              "pass": true,
              "fail": false,
              "pending": false,
              "context": null,
              "code": "//cypress code\n//  cy.visit('https://www.rrparkon.com/client-insight/testimonial-smart-car-parking-system')\ncy.visit(Cypress.env('url') + \"/client-insight/testimonial-smart-car-parking-system\");\ncy.title().should('eq', 'RR Parkon Testimonials | Car Parking Lift');",
              "err": {},
              "uuid": "32c0b240-b52c-4e06-b6ed-fecccf4693f4",
              "parentUUID": "8841271a-5d3c-41dd-be35-a388b56f8bd0",
              "isHook": false,
              "skipped": false
            },
            {
              "title": "Checks for content Testimonials Page",
              "fullTitle": "Test Testimonials page Checks for content Testimonials Page",
              "timedOut": null,
              "duration": 81,
              "state": "passed",
              "speed": "slow",
              "pass": true,
              "fail": false,
              "pending": false,
              "context": null,
              "code": "cy.get('h4').should('include.text', 'Our esteemed clients made us feel proud by sharing');\ncy.log(' All Content is Present');",
              "err": {},
              "uuid": "c0bf8a8b-5c37-4659-aef8-238cd4e7f2ff",
              "parentUUID": "8841271a-5d3c-41dd-be35-a388b56f8bd0",
              "isHook": false,
              "skipped": false
            },
            {
              "title": "Should Check and find Colours on page",
              "fullTitle": "Test Testimonials page Should Check and find Colours on page",
              "timedOut": null,
              "duration": 25,
              "state": "passed",
              "speed": "fast",
              "pass": true,
              "fail": false,
              "pending": false,
              "context": null,
              "code": "cy.get('[class=hamburger-menu-mobile]').invoke('css', 'background-color').then(bgcolor => {\n  expect((0, _rgbHex.default)(bgcolor)).to.eq('00000000');\n});",
              "err": {},
              "uuid": "8bc53e6b-0038-4cb7-9e56-962465f5de86",
              "parentUUID": "8841271a-5d3c-41dd-be35-a388b56f8bd0",
              "isHook": false,
              "skipped": false
            },
            {
              "title": "Should check Classes on page",
              "fullTitle": "Test Testimonials page Should check Classes on page",
              "timedOut": null,
              "duration": 19,
              "state": "passed",
              "speed": "fast",
              "pass": true,
              "fail": false,
              "pending": false,
              "context": null,
              "code": "cy.get('*[class^=\"header-top uk-flex uk-flex-between uk-flex-top bg-blue\"]');\ncy.log('Class1 is Present');\ncy.get('*[class^=\"logo-box\"]');\ncy.log('Class2 is Present');\ncy.get('*[class^=\"hamburger-menu-mobile\"]');\ncy.log('Class3 is Present');",
              "err": {},
              "uuid": "8594c66b-e17c-4d12-b9b3-b85afe355df0",
              "parentUUID": "8841271a-5d3c-41dd-be35-a388b56f8bd0",
              "isHook": false,
              "skipped": false
            }
          ],
          "suites": [],
          "passes": [
            "32c0b240-b52c-4e06-b6ed-fecccf4693f4",
            "c0bf8a8b-5c37-4659-aef8-238cd4e7f2ff",
            "8bc53e6b-0038-4cb7-9e56-962465f5de86",
            "8594c66b-e17c-4d12-b9b3-b85afe355df0"
          ],
          "failures": [],
          "pending": [],
          "skipped": [],
          "duration": 934,
          "root": false,
          "rootEmpty": false,
          "_timeout": 2000
        }
      ],
      "passes": [],
      "failures": [],
      "pending": [],
      "skipped": [],
      "duration": 0,
      "root": true,
      "rootEmpty": true,
      "_timeout": 2000
    }
  ],
  "meta": {
    "mocha": {
      "version": "7.0.1"
    },
    "mochawesome": {
      "options": {
        "quiet": false,
        "reportFilename": "mochawesome",
        "saveHtml": false,
        "saveJson": true,
        "consoleReporter": "spec",
        "useInlineDiffs": false,
        "code": true
      },
      "version": "7.0.1"
    },
    "marge": {
      "options": {
        "quite": true,
        "reportDir": "cypress/reports/mocha",
        "overwrite": false,
        "html": false,
        "json": true,
        "screenshotOnRunFailure": true
      },
      "version": "6.0.1"
    }
  }
}