{
  "stats": {
    "suites": 1,
    "tests": 4,
    "passes": 4,
    "pending": 0,
    "failures": 0,
    "start": "2022-02-09T06:17:15.144Z",
    "end": "2022-02-09T06:17:17.661Z",
    "duration": 2517,
    "testsRegistered": 4,
    "passPercent": 100,
    "pendingPercent": 0,
    "other": 0,
    "hasOther": false,
    "skipped": 0,
    "hasSkipped": false
  },
  "results": [
    {
      "uuid": "4c925928-6f8c-4c70-88f5-e4a7dabe557f",
      "title": "",
      "fullFile": "cypress/integration/Parking-Solutions/3stage-ground-path.js",
      "file": "cypress/integration/Parking-Solutions/3stage-ground-path.js",
      "beforeHooks": [],
      "afterHooks": [],
      "tests": [],
      "suites": [
        {
          "uuid": "9e79f23a-2235-48e9-945c-726506385178",
          "title": "Test 3 stage Parking System page",
          "fullFile": "",
          "file": "",
          "beforeHooks": [],
          "afterHooks": [],
          "tests": [
            {
              "title": "Should be able to check title on Page",
              "fullTitle": "Test 3 stage Parking System page Should be able to check title on Page",
              "timedOut": null,
              "duration": 945,
              "state": "passed",
              "speed": "slow",
              "pass": true,
              "fail": false,
              "pending": false,
              "context": null,
              "code": "//cypress code\n// cy.visit('https://www.rrparkon.com/parking-solution/og-type-dependant-3-level-electromechanical')\ncy.visit(Cypress.env('url') + \"/parking-solution/og-type-dependant-3-level-electromechanical\");\ncy.title().should('eq', 'Dependent Car Parking System | RR Parkon');",
              "err": {},
              "uuid": "71dacef3-e158-4f5f-8219-15928831b9e8",
              "parentUUID": "9e79f23a-2235-48e9-945c-726506385178",
              "isHook": false,
              "skipped": false
            },
            {
              "title": "Should Check for content 3 stage Parking System page",
              "fullTitle": "Test 3 stage Parking System page Should Check for content 3 stage Parking System page",
              "timedOut": null,
              "duration": 71,
              "state": "passed",
              "speed": "medium",
              "pass": true,
              "fail": false,
              "pending": false,
              "context": null,
              "code": "cy.get('h4').should('include.text', 'OG TYPE DEPENDANT 3 LEVEL');\ncy.log(' All Content is Present');",
              "err": {},
              "uuid": "c2258908-8f15-4df8-92ec-d2aadbb9fc08",
              "parentUUID": "9e79f23a-2235-48e9-945c-726506385178",
              "isHook": false,
              "skipped": false
            },
            {
              "title": "Should Check and find Colours on page",
              "fullTitle": "Test 3 stage Parking System page Should Check and find Colours on page",
              "timedOut": null,
              "duration": 33,
              "state": "passed",
              "speed": "fast",
              "pass": true,
              "fail": false,
              "pending": false,
              "context": null,
              "code": "cy.get('[class=hamburger-menu-mobile]').invoke('css', 'background-color').then(bgcolor => {\n  expect((0, _rgbHex.default)(bgcolor)).to.eq('00000000');\n});",
              "err": {},
              "uuid": "51c75948-9034-4d08-8726-3c10db26512f",
              "parentUUID": "9e79f23a-2235-48e9-945c-726506385178",
              "isHook": false,
              "skipped": false
            },
            {
              "title": "Should check Classes on page",
              "fullTitle": "Test 3 stage Parking System page Should check Classes on page",
              "timedOut": null,
              "duration": 19,
              "state": "passed",
              "speed": "fast",
              "pass": true,
              "fail": false,
              "pending": false,
              "context": null,
              "code": "cy.get('*[class^=\"header-top uk-flex uk-flex-between uk-flex-top bg-blue\"]');\ncy.log('Class1 is Present');\ncy.get('*[class^=\"logo-box\"]');\ncy.log('Class2 is Present');\ncy.get('*[class^=\"hamburger-menu-mobile\"]');\ncy.log('Class3 is Present');",
              "err": {},
              "uuid": "0e6f094e-c5a2-4819-bf0a-aa3dcc040fe8",
              "parentUUID": "9e79f23a-2235-48e9-945c-726506385178",
              "isHook": false,
              "skipped": false
            }
          ],
          "suites": [],
          "passes": [
            "71dacef3-e158-4f5f-8219-15928831b9e8",
            "c2258908-8f15-4df8-92ec-d2aadbb9fc08",
            "51c75948-9034-4d08-8726-3c10db26512f",
            "0e6f094e-c5a2-4819-bf0a-aa3dcc040fe8"
          ],
          "failures": [],
          "pending": [],
          "skipped": [],
          "duration": 1068,
          "root": false,
          "rootEmpty": false,
          "_timeout": 2000
        }
      ],
      "passes": [],
      "failures": [],
      "pending": [],
      "skipped": [],
      "duration": 0,
      "root": true,
      "rootEmpty": true,
      "_timeout": 2000
    }
  ],
  "meta": {
    "mocha": {
      "version": "7.0.1"
    },
    "mochawesome": {
      "options": {
        "quiet": false,
        "reportFilename": "mochawesome",
        "saveHtml": false,
        "saveJson": true,
        "consoleReporter": "spec",
        "useInlineDiffs": false,
        "code": true
      },
      "version": "7.0.1"
    },
    "marge": {
      "options": {
        "quite": true,
        "reportDir": "cypress/reports/mocha",
        "overwrite": false,
        "html": false,
        "json": true,
        "screenshotOnRunFailure": true
      },
      "version": "6.0.1"
    }
  }
}