{
  "stats": {
    "suites": 1,
    "tests": 4,
    "passes": 4,
    "pending": 0,
    "failures": 0,
    "start": "2022-02-09T06:15:29.305Z",
    "end": "2022-02-09T06:15:32.001Z",
    "duration": 2696,
    "testsRegistered": 4,
    "passPercent": 100,
    "pendingPercent": 0,
    "other": 0,
    "hasOther": false,
    "skipped": 0,
    "hasSkipped": false
  },
  "results": [
    {
      "uuid": "1e839b3e-1070-40c0-a901-654884cb66ef",
      "title": "",
      "fullFile": "cypress/integration/Client-Insights/DOsandDonts.js",
      "file": "cypress/integration/Client-Insights/DOsandDonts.js",
      "beforeHooks": [],
      "afterHooks": [],
      "tests": [],
      "suites": [
        {
          "uuid": "f7557e79-8700-4e3b-bbc0-fd4d16887a72",
          "title": "Test Do's amd Dont's page",
          "fullFile": "",
          "file": "",
          "beforeHooks": [],
          "afterHooks": [],
          "tests": [
            {
              "title": "Should be able to check title on Page",
              "fullTitle": "Test Do's amd Dont's page Should be able to check title on Page",
              "timedOut": null,
              "duration": 1003,
              "state": "passed",
              "speed": "slow",
              "pass": true,
              "fail": false,
              "pending": false,
              "context": null,
              "code": "//cypress code\n//cy.visit('https://www.rrparkon.com/client-insight/do-dont-car-parking-solution-car-parking-system')\ncy.visit(Cypress.env('url') + \"/client-insight/do-dont-car-parking-solution-car-parking-system\");\ncy.title().should('eq', 'Dos And Donts Of Car Parking System | Car Lift Manufacturers In India | RR Parkon');",
              "err": {},
              "uuid": "9bd752f9-7a3e-4818-a2b4-5b4cb4a8eba8",
              "parentUUID": "f7557e79-8700-4e3b-bbc0-fd4d16887a72",
              "isHook": false,
              "skipped": false
            },
            {
              "title": "should Check for content Do and Donts Page",
              "fullTitle": "Test Do's amd Dont's page should Check for content Do and Donts Page",
              "timedOut": null,
              "duration": 197,
              "state": "passed",
              "speed": "slow",
              "pass": true,
              "fail": false,
              "pending": false,
              "context": null,
              "code": "cy.get('h4').should('include.text', 'Do');\ncy.log(' All Content is Present');",
              "err": {},
              "uuid": "98324e99-f1c2-48da-ba73-11e6caca4402",
              "parentUUID": "f7557e79-8700-4e3b-bbc0-fd4d16887a72",
              "isHook": false,
              "skipped": false
            },
            {
              "title": "Should Check and find Colours on page",
              "fullTitle": "Test Do's amd Dont's page Should Check and find Colours on page",
              "timedOut": null,
              "duration": 53,
              "state": "passed",
              "speed": "medium",
              "pass": true,
              "fail": false,
              "pending": false,
              "context": null,
              "code": "cy.get('[class=hamburger-menu-mobile]').invoke('css', 'background-color').then(bgcolor => {\n  expect((0, _rgbHex.default)(bgcolor)).to.eq('00000000');\n});",
              "err": {},
              "uuid": "69c67a18-cf99-43b0-98cf-a255d0848677",
              "parentUUID": "f7557e79-8700-4e3b-bbc0-fd4d16887a72",
              "isHook": false,
              "skipped": false
            },
            {
              "title": "Should check Classes on page",
              "fullTitle": "Test Do's amd Dont's page Should check Classes on page",
              "timedOut": null,
              "duration": 16,
              "state": "passed",
              "speed": "fast",
              "pass": true,
              "fail": false,
              "pending": false,
              "context": null,
              "code": "cy.get('*[class^=\"header-top uk-flex uk-flex-between uk-flex-top bg-blue\"]');\ncy.log('Class1 is Present');\ncy.get('*[class^=\"logo-box\"]');\ncy.log('Class2 is Present');\ncy.get('*[class^=\"hamburger-menu-mobile\"]');\ncy.log('Class3 is Present');",
              "err": {},
              "uuid": "01f968fa-a57a-48a0-af52-3690412ffc3e",
              "parentUUID": "f7557e79-8700-4e3b-bbc0-fd4d16887a72",
              "isHook": false,
              "skipped": false
            }
          ],
          "suites": [],
          "passes": [
            "9bd752f9-7a3e-4818-a2b4-5b4cb4a8eba8",
            "98324e99-f1c2-48da-ba73-11e6caca4402",
            "69c67a18-cf99-43b0-98cf-a255d0848677",
            "01f968fa-a57a-48a0-af52-3690412ffc3e"
          ],
          "failures": [],
          "pending": [],
          "skipped": [],
          "duration": 1269,
          "root": false,
          "rootEmpty": false,
          "_timeout": 2000
        }
      ],
      "passes": [],
      "failures": [],
      "pending": [],
      "skipped": [],
      "duration": 0,
      "root": true,
      "rootEmpty": true,
      "_timeout": 2000
    }
  ],
  "meta": {
    "mocha": {
      "version": "7.0.1"
    },
    "mochawesome": {
      "options": {
        "quiet": false,
        "reportFilename": "mochawesome",
        "saveHtml": false,
        "saveJson": true,
        "consoleReporter": "spec",
        "useInlineDiffs": false,
        "code": true
      },
      "version": "7.0.1"
    },
    "marge": {
      "options": {
        "quite": true,
        "reportDir": "cypress/reports/mocha",
        "overwrite": false,
        "html": false,
        "json": true,
        "screenshotOnRunFailure": true
      },
      "version": "6.0.1"
    }
  }
}