{
  "stats": {
    "suites": 1,
    "tests": 4,
    "passes": 4,
    "pending": 0,
    "failures": 0,
    "start": "2022-02-09T06:17:57.642Z",
    "end": "2022-02-09T06:18:00.147Z",
    "duration": 2505,
    "testsRegistered": 4,
    "passPercent": 100,
    "pendingPercent": 0,
    "other": 0,
    "hasOther": false,
    "skipped": 0,
    "hasSkipped": false
  },
  "results": [
    {
      "uuid": "b4d4c0f0-76dd-460c-8455-184cca42e31c",
      "title": "",
      "fullFile": "cypress/integration/Parking-Solutions/Puzzle-Parking-System.js",
      "file": "cypress/integration/Parking-Solutions/Puzzle-Parking-System.js",
      "beforeHooks": [],
      "afterHooks": [],
      "tests": [],
      "suites": [
        {
          "uuid": "1cc55c88-28c0-48a8-ade3-7e213d7ec171",
          "title": "Test Puzzle parking System",
          "fullFile": "",
          "file": "",
          "beforeHooks": [],
          "afterHooks": [],
          "tests": [
            {
              "title": "Should be able to check title on Page",
              "fullTitle": "Test Puzzle parking System Should be able to check title on Page",
              "timedOut": null,
              "duration": 951,
              "state": "passed",
              "speed": "slow",
              "pass": true,
              "fail": false,
              "pending": false,
              "context": null,
              "code": "//cypress code\n//cy.visit('https://www.rrparkon.com/parking-solution/over-ground-puzzle-parking-system')\ncy.visit(Cypress.env('url') + \"/parking-solution/over-ground-puzzle-parking-system\");\ncy.title().should('eq', 'Puzzle Parking System | RR Parkon');",
              "err": {},
              "uuid": "e167ba62-7bd1-4a11-b7d6-a18fd934f230",
              "parentUUID": "1cc55c88-28c0-48a8-ade3-7e213d7ec171",
              "isHook": false,
              "skipped": false
            },
            {
              "title": "Should Check for content Puzzle parking System",
              "fullTitle": "Test Puzzle parking System Should Check for content Puzzle parking System",
              "timedOut": null,
              "duration": 74,
              "state": "passed",
              "speed": "medium",
              "pass": true,
              "fail": false,
              "pending": false,
              "context": null,
              "code": "cy.get('h4').should('include.text', 'OVER GROUND PUZZLE PARKING SYSTEM');\ncy.log(' All Content is Present');",
              "err": {},
              "uuid": "9219fe02-7f25-47a8-b03e-4492841e9b62",
              "parentUUID": "1cc55c88-28c0-48a8-ade3-7e213d7ec171",
              "isHook": false,
              "skipped": false
            },
            {
              "title": "Should Check and find Colours on page",
              "fullTitle": "Test Puzzle parking System Should Check and find Colours on page",
              "timedOut": null,
              "duration": 24,
              "state": "passed",
              "speed": "fast",
              "pass": true,
              "fail": false,
              "pending": false,
              "context": null,
              "code": "cy.get('[class=hamburger-menu-mobile]').invoke('css', 'background-color').then(bgcolor => {\n  expect((0, _rgbHex.default)(bgcolor)).to.eq('00000000');\n});",
              "err": {},
              "uuid": "3333e43c-91ab-486c-849c-0e2bb705760b",
              "parentUUID": "1cc55c88-28c0-48a8-ade3-7e213d7ec171",
              "isHook": false,
              "skipped": false
            },
            {
              "title": "Should check Classes on page",
              "fullTitle": "Test Puzzle parking System Should check Classes on page",
              "timedOut": null,
              "duration": 23,
              "state": "passed",
              "speed": "fast",
              "pass": true,
              "fail": false,
              "pending": false,
              "context": null,
              "code": "cy.get('*[class^=\"header-top uk-flex uk-flex-between uk-flex-top bg-blue\"]');\ncy.log('Class1 is Present');\ncy.get('*[class^=\"logo-box\"]');\ncy.log('Class2 is Present');\ncy.get('*[class^=\"hamburger-menu-mobile\"]');\ncy.log('Class3 is Present');",
              "err": {},
              "uuid": "938492d2-49de-4235-bd19-5774d835ddbc",
              "parentUUID": "1cc55c88-28c0-48a8-ade3-7e213d7ec171",
              "isHook": false,
              "skipped": false
            }
          ],
          "suites": [],
          "passes": [
            "e167ba62-7bd1-4a11-b7d6-a18fd934f230",
            "9219fe02-7f25-47a8-b03e-4492841e9b62",
            "3333e43c-91ab-486c-849c-0e2bb705760b",
            "938492d2-49de-4235-bd19-5774d835ddbc"
          ],
          "failures": [],
          "pending": [],
          "skipped": [],
          "duration": 1072,
          "root": false,
          "rootEmpty": false,
          "_timeout": 2000
        }
      ],
      "passes": [],
      "failures": [],
      "pending": [],
      "skipped": [],
      "duration": 0,
      "root": true,
      "rootEmpty": true,
      "_timeout": 2000
    }
  ],
  "meta": {
    "mocha": {
      "version": "7.0.1"
    },
    "mochawesome": {
      "options": {
        "quiet": false,
        "reportFilename": "mochawesome",
        "saveHtml": false,
        "saveJson": true,
        "consoleReporter": "spec",
        "useInlineDiffs": false,
        "code": true
      },
      "version": "7.0.1"
    },
    "marge": {
      "options": {
        "quite": true,
        "reportDir": "cypress/reports/mocha",
        "overwrite": false,
        "html": false,
        "json": true,
        "screenshotOnRunFailure": true
      },
      "version": "6.0.1"
    }
  }
}